2017-5-22 15:34:50 org.apache.catalina.core.AprLifecycleListener init
信息: Loaded APR based Apache Tomcat Native library 1.1.20.
2017-5-22 15:34:50 org.apache.catalina.core.AprLifecycleListener init
信息: APR capabilities: IPv6 [true], sendfile [true], accept filters [false], random [true].
2017-5-22 15:34:50 org.apache.coyote.http11.Http11AprProtocol init
信息: Initializing Coyote HTTP/1.1 on http-8011
2017-5-22 15:34:50 org.apache.coyote.ajp.AjpAprProtocol init
信息: Initializing Coyote AJP/1.3 on ajp-8010
2017-5-22 15:34:50 org.apache.catalina.startup.Catalina load
信息: Initialization processed in 648 ms
2017-5-22 15:34:50 org.apache.catalina.core.StandardService start
信息: Starting service Catalina
2017-5-22 15:34:50 org.apache.catalina.core.StandardEngine start
信息: Starting Servlet Engine: Apache Tomcat/6.0.20
2017-5-22 15:34:57 net.eshop.listener.InitListener onApplicationEvent
信息: Initializing  网上商城系统  3.0 RELEASE
2017-5-22 15:35:00 org.apache.coyote.http11.Http11AprProtocol start
信息: Starting Coyote HTTP/1.1 on http-8011
2017-5-22 15:35:00 org.apache.coyote.ajp.AjpAprProtocol start
信息: Starting Coyote AJP/1.3 on ajp-8010
2017-5-22 15:35:00 org.apache.catalina.startup.Catalina start
信息: Server startup in 9660 ms
2017-5-22 15:35:00 org.apache.coyote.http11.Http11AprProtocol pause
信息: Pausing Coyote HTTP/1.1 on http-8011
2017-5-22 15:35:00 org.apache.coyote.ajp.AjpAprProtocol pause
信息: Pausing Coyote AJP/1.3 on ajp-8010
2017-5-22 15:35:01 org.apache.catalina.core.StandardService stop
信息: Stopping service Catalina
2017-5-22 15:35:01 org.apache.coyote.http11.Http11AprProtocol destroy
信息: Stopping Coyote HTTP/1.1 on http-8011
2017-5-22 15:35:01 org.apache.coyote.ajp.AjpAprProtocol destroy
信息: Stopping Coyote AJP/1.3 on ajp-8010
2017-5-22 15:35:16 org.apache.catalina.core.AprLifecycleListener init
信息: Loaded APR based Apache Tomcat Native library 1.1.20.
2017-5-22 15:35:16 org.apache.catalina.core.AprLifecycleListener init
信息: APR capabilities: IPv6 [true], sendfile [true], accept filters [false], random [true].
2017-5-22 15:35:16 org.apache.coyote.http11.Http11AprProtocol init
信息: Initializing Coyote HTTP/1.1 on http-8011
2017-5-22 15:35:16 org.apache.coyote.ajp.AjpAprProtocol init
信息: Initializing Coyote AJP/1.3 on ajp-8010
2017-5-22 15:35:16 org.apache.catalina.startup.Catalina load
信息: Initialization processed in 618 ms
2017-5-22 15:35:16 org.apache.catalina.core.StandardService start
信息: Starting service Catalina
2017-5-22 15:35:16 org.apache.catalina.core.StandardEngine start
信息: Starting Servlet Engine: Apache Tomcat/6.0.20
2017-5-22 15:35:24 net.eshop.listener.InitListener onApplicationEvent
信息: Initializing  网上商城系统  3.0 RELEASE
2017-5-22 15:35:26 org.apache.coyote.http11.Http11AprProtocol start
信息: Starting Coyote HTTP/1.1 on http-8011
2017-5-22 15:35:26 org.apache.coyote.ajp.AjpAprProtocol start
信息: Starting Coyote AJP/1.3 on ajp-8010
2017-5-22 15:35:26 org.apache.catalina.startup.Catalina start
信息: Server startup in 9621 ms
2017-5-22 15:35:44 org.apache.coyote.http11.Http11AprProtocol pause
信息: Pausing Coyote HTTP/1.1 on http-8011
2017-5-22 15:35:44 org.apache.coyote.ajp.AjpAprProtocol pause
信息: Pausing Coyote AJP/1.3 on ajp-8010
2017-5-22 15:35:45 org.apache.catalina.core.StandardService stop
信息: Stopping service Catalina
2017-5-22 15:35:46 org.apache.catalina.startup.HostConfig undeployApps
警告: Error while removing context [/EShop]
java.util.ConcurrentModificationException
	at java.util.HashMap$HashIterator.nextEntry(HashMap.java:793)
	at java.util.HashMap$EntryIterator.next(HashMap.java:833)
	at java.util.HashMap$EntryIterator.next(HashMap.java:831)
	at java.util.HashMap.putAllForCreate(HashMap.java:435)
	at java.util.HashMap.clone(HashMap.java:669)
	at org.apache.catalina.loader.WebappClassLoader.clearReferences(WebappClassLoader.java:1621)
	at org.apache.catalina.loader.WebappClassLoader.stop(WebappClassLoader.java:1524)
	at org.apache.catalina.loader.WebappLoader.stop(WebappLoader.java:707)
	at org.apache.catalina.core.StandardContext.stop(StandardContext.java:4611)
	at org.apache.catalina.core.ContainerBase.removeChild(ContainerBase.java:924)
	at org.apache.catalina.startup.HostConfig.undeployApps(HostConfig.java:1248)
	at org.apache.catalina.startup.HostConfig.stop(HostConfig.java:1219)
	at org.apache.catalina.startup.HostConfig.lifecycleEvent(HostConfig.java:316)
	at org.apache.catalina.util.LifecycleSupport.fireLifecycleEvent(LifecycleSupport.java:119)
	at org.apache.catalina.core.ContainerBase.stop(ContainerBase.java:1086)
	at org.apache.catalina.core.ContainerBase.stop(ContainerBase.java:1098)
	at org.apache.catalina.core.StandardEngine.stop(StandardEngine.java:448)
	at org.apache.catalina.core.StandardService.stop(StandardService.java:584)
	at org.apache.catalina.core.StandardServer.stop(StandardServer.java:744)
	at org.apache.catalina.startup.Catalina.stop(Catalina.java:633)
	at org.apache.catalina.startup.Catalina.start(Catalina.java:608)
	at sun.reflect.NativeMethodAccessorImpl.invoke0(Native Method)
	at sun.reflect.NativeMethodAccessorImpl.invoke(NativeMethodAccessorImpl.java:39)
	at sun.reflect.DelegatingMethodAccessorImpl.invoke(DelegatingMethodAccessorImpl.java:25)
	at java.lang.reflect.Method.invoke(Method.java:597)
	at org.apache.catalina.startup.Bootstrap.start(Bootstrap.java:288)
	at org.apache.catalina.startup.Bootstrap.main(Bootstrap.java:413)
2017-5-22 15:35:46 org.apache.coyote.http11.Http11AprProtocol destroy
信息: Stopping Coyote HTTP/1.1 on http-8011
2017-5-22 15:35:46 org.apache.coyote.ajp.AjpAprProtocol destroy
信息: Stopping Coyote AJP/1.3 on ajp-8010
2017-5-22 15:54:24 org.apache.catalina.core.AprLifecycleListener init
信息: Loaded APR based Apache Tomcat Native library 1.1.20.
2017-5-22 15:54:24 org.apache.catalina.core.AprLifecycleListener init
信息: APR capabilities: IPv6 [true], sendfile [true], accept filters [false], random [true].
2017-5-22 15:54:25 org.apache.coyote.http11.Http11AprProtocol init
信息: Initializing Coyote HTTP/1.1 on http-8011
2017-5-22 15:54:25 org.apache.coyote.ajp.AjpAprProtocol init
信息: Initializing Coyote AJP/1.3 on ajp-8010
2017-5-22 15:54:25 org.apache.catalina.startup.Catalina load
信息: Initialization processed in 599 ms
2017-5-22 15:54:25 org.apache.catalina.core.StandardService start
信息: Starting service Catalina
2017-5-22 15:54:25 org.apache.catalina.core.StandardEngine start
信息: Starting Servlet Engine: Apache Tomcat/6.0.20
2017-5-22 15:54:25 org.apache.coyote.http11.Http11AprProtocol start
信息: Starting Coyote HTTP/1.1 on http-8011
2017-5-22 15:54:25 org.apache.coyote.ajp.AjpAprProtocol start
信息: Starting Coyote AJP/1.3 on ajp-8010
2017-5-22 15:54:25 org.apache.catalina.startup.Catalina start
信息: Server startup in 223 ms
2017-5-22 16:23:19 org.apache.coyote.http11.Http11AprProtocol pause
信息: Pausing Coyote HTTP/1.1 on http-8011
2017-5-22 16:23:19 org.apache.coyote.ajp.AjpAprProtocol pause
信息: Pausing Coyote AJP/1.3 on ajp-8010
2017-5-22 16:23:20 org.apache.catalina.core.StandardService stop
信息: Stopping service Catalina
2017-5-22 16:23:20 org.apache.coyote.http11.Http11AprProtocol destroy
信息: Stopping Coyote HTTP/1.1 on http-8011
2017-5-22 16:23:20 org.apache.coyote.ajp.AjpAprProtocol destroy
信息: Stopping Coyote AJP/1.3 on ajp-8010
2017-5-22 16:32:32 org.apache.catalina.core.AprLifecycleListener init
信息: Loaded APR based Apache Tomcat Native library 1.1.20.
2017-5-22 16:32:32 org.apache.catalina.core.AprLifecycleListener init
信息: APR capabilities: IPv6 [true], sendfile [true], accept filters [false], random [true].
2017-5-22 16:32:33 org.apache.coyote.http11.Http11AprProtocol init
信息: Initializing Coyote HTTP/1.1 on http-8011
2017-5-22 16:32:33 org.apache.coyote.ajp.AjpAprProtocol init
信息: Initializing Coyote AJP/1.3 on ajp-8010
2017-5-22 16:32:33 org.apache.catalina.startup.Catalina load
信息: Initialization processed in 651 ms
2017-5-22 16:32:33 org.apache.catalina.core.StandardService start
信息: Starting service Catalina
2017-5-22 16:32:33 org.apache.catalina.core.StandardEngine start
信息: Starting Servlet Engine: Apache Tomcat/6.0.20
2017-5-22 16:32:33 org.apache.coyote.http11.Http11AprProtocol start
信息: Starting Coyote HTTP/1.1 on http-8011
2017-5-22 16:32:33 org.apache.coyote.ajp.AjpAprProtocol start
信息: Starting Coyote AJP/1.3 on ajp-8010
2017-5-22 16:32:33 org.apache.catalina.startup.Catalina start
信息: Server startup in 203 ms
2017-5-22 17:55:50 org.apache.coyote.http11.Http11AprProtocol pause
信息: Pausing Coyote HTTP/1.1 on http-8011
2017-5-22 17:55:50 org.apache.coyote.ajp.AjpAprProtocol pause
信息: Pausing Coyote AJP/1.3 on ajp-8010
2017-5-22 17:55:51 org.apache.catalina.core.StandardService stop
信息: Stopping service Catalina
2017-5-22 17:55:51 org.apache.coyote.http11.Http11AprProtocol destroy
信息: Stopping Coyote HTTP/1.1 on http-8011
2017-5-22 17:55:51 org.apache.coyote.ajp.AjpAprProtocol destroy
信息: Stopping Coyote AJP/1.3 on ajp-8010
