[2017-05-22 15:34:49] [info] Procrun (2.0.4.0) started
[2017-05-22 15:34:49] [info] Service JmatTomcatEshop name JmatTomcatEshop
[2017-05-22 15:34:49] [info] Service JmatTomcatEshop installed
[2017-05-22 15:34:49] [info] Procrun finished.
[2017-05-22 15:34:49] [info] Procrun (2.0.4.0) started
[2017-05-22 15:34:49] [info] Updating service...
[2017-05-22 15:34:49] [info] Service JmatTomcatEshop updated
[2017-05-22 15:34:49] [info] Update service finished.
[2017-05-22 15:34:49] [info] Procrun finished.
[2017-05-22 15:34:49] [info] Procrun (2.0.4.0) started
[2017-05-22 15:34:49] [info] Updating service...
[2017-05-22 15:34:49] [info] Service JmatTomcatEshop updated
[2017-05-22 15:34:49] [info] Update service finished.
[2017-05-22 15:34:49] [info] Procrun finished.
[2017-05-22 15:34:49] [info] Procrun (2.0.4.0) started
[2017-05-22 15:34:49] [info] Updating service...
[2017-05-22 15:34:49] [info] Service JmatTomcatEshop updated
[2017-05-22 15:34:49] [info] Update service finished.
[2017-05-22 15:34:49] [info] Procrun finished.
[2017-05-22 15:34:49] [info] Procrun (2.0.4.0) started
[2017-05-22 15:34:49] [info] Running Service...
[2017-05-22 15:34:49] [info] Starting service...
[2017-05-22 15:34:50] [info] Service started in 1091 ms.
[2017-05-22 15:35:00] [info] Stopping service...
[2017-05-22 15:35:02] [info] Service stopped.
[2017-05-22 15:35:02] [info] Run service finished.
[2017-05-22 15:35:02] [info] Procrun finished.
[2017-05-22 15:35:15] [info] Procrun (2.0.4.0) started
[2017-05-22 15:35:15] [info] Service JmatTomcatEshop name JmatTomcatEshop
[2017-05-22 15:35:15] [info] Service JmatTomcatEshop installed
[2017-05-22 15:35:15] [info] Procrun finished.
[2017-05-22 15:35:15] [info] Procrun (2.0.4.0) started
[2017-05-22 15:35:15] [info] Updating service...
[2017-05-22 15:35:16] [info] Service JmatTomcatEshop updated
[2017-05-22 15:35:16] [info] Update service finished.
[2017-05-22 15:35:16] [info] Procrun finished.
[2017-05-22 15:35:16] [info] Procrun (2.0.4.0) started
[2017-05-22 15:35:16] [info] Updating service...
[2017-05-22 15:35:16] [info] Service JmatTomcatEshop updated
[2017-05-22 15:35:16] [info] Update service finished.
[2017-05-22 15:35:16] [info] Procrun finished.
[2017-05-22 15:35:16] [info] Procrun (2.0.4.0) started
[2017-05-22 15:35:16] [info] Updating service...
[2017-05-22 15:35:16] [info] Service JmatTomcatEshop updated
[2017-05-22 15:35:16] [info] Update service finished.
[2017-05-22 15:35:16] [info] Procrun finished.
[2017-05-22 15:35:16] [info] Procrun (2.0.4.0) started
[2017-05-22 15:35:16] [info] Running Service...
[2017-05-22 15:35:16] [info] Starting service...
[2017-05-22 15:35:17] [info] Service started in 1093 ms.
[2017-05-22 15:35:44] [info] Stopping service...
[2017-05-22 15:35:46] [info] Service stopped.
[2017-05-22 15:35:46] [info] Run service finished.
[2017-05-22 15:35:46] [info] Procrun finished.
[2017-05-22 15:54:24] [info] Procrun (2.0.4.0) started
[2017-05-22 15:54:24] [info] Service JmatTomcatDemo name JmatTomcatDemo
[2017-05-22 15:54:24] [info] Service JmatTomcatDemo installed
[2017-05-22 15:54:24] [info] Procrun finished.
[2017-05-22 15:54:24] [info] Procrun (2.0.4.0) started
[2017-05-22 15:54:24] [info] Updating service...
[2017-05-22 15:54:24] [info] Service JmatTomcatDemo updated
[2017-05-22 15:54:24] [info] Update service finished.
[2017-05-22 15:54:24] [info] Procrun finished.
[2017-05-22 15:54:24] [info] Procrun (2.0.4.0) started
[2017-05-22 15:54:24] [info] Updating service...
[2017-05-22 15:54:24] [info] Service JmatTomcatDemo updated
[2017-05-22 15:54:24] [info] Update service finished.
[2017-05-22 15:54:24] [info] Procrun finished.
[2017-05-22 15:54:24] [info] Procrun (2.0.4.0) started
[2017-05-22 15:54:24] [info] Updating service...
[2017-05-22 15:54:24] [info] Service JmatTomcatDemo updated
[2017-05-22 15:54:24] [info] Update service finished.
[2017-05-22 15:54:24] [info] Procrun finished.
[2017-05-22 15:54:24] [info] Procrun (2.0.4.0) started
[2017-05-22 15:54:24] [info] Running Service...
[2017-05-22 15:54:24] [info] Starting service...
[2017-05-22 15:54:25] [info] Service started in 1095 ms.
[2017-05-22 16:23:19] [info] Stopping service...
[2017-05-22 16:23:20] [info] Service stopped.
[2017-05-22 16:23:20] [info] Run service finished.
[2017-05-22 16:23:20] [info] Procrun finished.
[2017-05-22 16:32:32] [info] Procrun (2.0.4.0) started
[2017-05-22 16:32:32] [info] Service JmatTomcatDemo name JmatTomcatDemo
[2017-05-22 16:32:32] [info] Service JmatTomcatDemo installed
[2017-05-22 16:32:32] [info] Procrun finished.
[2017-05-22 16:32:32] [info] Procrun (2.0.4.0) started
[2017-05-22 16:32:32] [info] Updating service...
[2017-05-22 16:32:32] [info] Service JmatTomcatDemo updated
[2017-05-22 16:32:32] [info] Update service finished.
[2017-05-22 16:32:32] [info] Procrun finished.
[2017-05-22 16:32:32] [info] Procrun (2.0.4.0) started
[2017-05-22 16:32:32] [info] Updating service...
[2017-05-22 16:32:32] [info] Service JmatTomcatDemo updated
[2017-05-22 16:32:32] [info] Update service finished.
[2017-05-22 16:32:32] [info] Procrun finished.
[2017-05-22 16:32:32] [info] Procrun (2.0.4.0) started
[2017-05-22 16:32:32] [info] Updating service...
[2017-05-22 16:32:32] [info] Service JmatTomcatDemo updated
[2017-05-22 16:32:32] [info] Update service finished.
[2017-05-22 16:32:32] [info] Procrun finished.
[2017-05-22 16:32:32] [info] Procrun (2.0.4.0) started
[2017-05-22 16:32:32] [info] Running Service...
[2017-05-22 16:32:32] [info] Starting service...
[2017-05-22 16:32:33] [info] Service started in 1092 ms.
[2017-05-22 17:55:28] [info] Procrun (2.0.4.0) started
[2017-05-22 17:55:28] [info] Service JmatTomcatDemo name JmatTomcatDemo
[2017-05-22 17:55:28] [420  service.c] [error] 指定的服务已存在。
[2017-05-22 17:55:28] [614  prunsrv.c] [error] Failed installing JmatTomcatDemo service
[2017-05-22 17:55:28] [info] Procrun finished.
[2017-05-22 17:55:50] [info] Stopping service...
[2017-05-22 17:55:51] [info] Service stopped.
[2017-05-22 17:55:51] [info] Run service finished.
[2017-05-22 17:55:51] [info] Procrun finished.
